<?xml version="1.0" encoding="UTF-8"?>
<testsuite xmlns:xsi="http://www.w3.org/2001/XMLSchema-instance" xsi:noNamespaceSchemaLocation="https://maven.apache.org/surefire/maven-surefire-plugin/xsd/surefire-test-report.xsd" name="se.kth.IV1350.model.SaleTest" time="0.004" tests="6" errors="0" skipped="0" failures="0">
  <properties>
    <property name="java.specification.version" value="18"/>
    <property name="sun.cpu.isalist" value="amd64"/>
    <property name="sun.jnu.encoding" value="Cp1252"/>
    <property name="java.class.path" value="C:\Users\fredr\OneDrive\Desktop\IV1350\task4\maven\target\test-classes;C:\Users\fredr\OneDrive\Desktop\IV1350\task4\maven\target\classes;C:\Users\fredr\.m2\repository\org\junit\jupiter\junit-jupiter-api\5.8.0\junit-jupiter-api-5.8.0.jar;C:\Users\fredr\.m2\repository\org\opentest4j\opentest4j\1.2.0\opentest4j-1.2.0.jar;C:\Users\fredr\.m2\repository\org\junit\platform\junit-platform-commons\1.8.0\junit-platform-commons-1.8.0.jar;C:\Users\fredr\.m2\repository\org\apiguardian\apiguardian-api\1.1.2\apiguardian-api-1.1.2.jar;C:\Users\fredr\.m2\repository\commons-codec\commons-codec\1.11\commons-codec-1.11.jar;"/>
    <property name="java.vm.vendor" value="Oracle Corporation"/>
    <property name="sun.arch.data.model" value="64"/>
    <property name="user.variant" value=""/>
    <property name="java.vendor.url" value="https://java.oracle.com/"/>
    <property name="user.timezone" value="Europe/Stockholm"/>
    <property name="user.country.format" value="SE"/>
    <property name="os.name" value="Windows 11"/>
    <property name="java.vm.specification.version" value="18"/>
    <property name="sun.java.launcher" value="SUN_STANDARD"/>
    <property name="user.country" value="GB"/>
    <property name="sun.boot.library.path" value="C:\Program Files\Java\jdk-18.0.2.1\bin"/>
    <property name="sun.java.command" value="C:\Users\fredr\AppData\Local\Temp\surefire8762769247113469283\surefirebooter15741081891882967823.jar C:\Users\fredr\AppData\Local\Temp\surefire8762769247113469283 2024-05-16T11-54-56_259-jvmRun1 surefire14854516841778594667tmp surefire_01487602956733978674tmp"/>
    <property name="jdk.debug" value="release"/>
    <property name="surefire.test.class.path" value="C:\Users\fredr\OneDrive\Desktop\IV1350\task4\maven\target\test-classes;C:\Users\fredr\OneDrive\Desktop\IV1350\task4\maven\target\classes;C:\Users\fredr\.m2\repository\org\junit\jupiter\junit-jupiter-api\5.8.0\junit-jupiter-api-5.8.0.jar;C:\Users\fredr\.m2\repository\org\opentest4j\opentest4j\1.2.0\opentest4j-1.2.0.jar;C:\Users\fredr\.m2\repository\org\junit\platform\junit-platform-commons\1.8.0\junit-platform-commons-1.8.0.jar;C:\Users\fredr\.m2\repository\org\apiguardian\apiguardian-api\1.1.2\apiguardian-api-1.1.2.jar;C:\Users\fredr\.m2\repository\commons-codec\commons-codec\1.11\commons-codec-1.11.jar;"/>
    <property name="sun.cpu.endian" value="little"/>
    <property name="user.home" value="C:\Users\fredr"/>
    <property name="user.language" value="en"/>
    <property name="java.specification.vendor" value="Oracle Corporation"/>
    <property name="java.version.date" value="2022-08-18"/>
    <property name="java.home" value="C:\Program Files\Java\jdk-18.0.2.1"/>
    <property name="file.separator" value="\"/>
    <property name="basedir" value="C:\Users\fredr\OneDrive\Desktop\IV1350\task4\maven"/>
    <property name="java.vm.compressedOopsMode" value="Zero based"/>
    <property name="line.separator" value="&#10;"/>
    <property name="java.vm.specification.vendor" value="Oracle Corporation"/>
    <property name="java.specification.name" value="Java Platform API Specification"/>
    <property name="surefire.real.class.path" value="C:\Users\fredr\AppData\Local\Temp\surefire8762769247113469283\surefirebooter15741081891882967823.jar"/>
    <property name="user.script" value=""/>
    <property name="sun.management.compiler" value="HotSpot 64-Bit Tiered Compilers"/>
    <property name="java.runtime.version" value="18.0.2.1+1-1"/>
    <property name="user.name" value="fredr"/>
    <property name="path.separator" value=";"/>
    <property name="os.version" value="10.0"/>
    <property name="java.runtime.name" value="Java(TM) SE Runtime Environment"/>
    <property name="file.encoding" value="UTF-8"/>
    <property name="java.vm.name" value="Java HotSpot(TM) 64-Bit Server VM"/>
    <property name="localRepository" value="C:\Users\fredr\.m2\repository"/>
    <property name="java.vendor.url.bug" value="https://bugreport.java.com/bugreport/"/>
    <property name="java.io.tmpdir" value="C:\Users\fredr\AppData\Local\Temp\"/>
    <property name="java.version" value="18.0.2.1"/>
    <property name="user.dir" value="C:\Users\fredr\OneDrive\Desktop\IV1350\task4\maven"/>
    <property name="os.arch" value="amd64"/>
    <property name="java.vm.specification.name" value="Java Virtual Machine Specification"/>
    <property name="user.language.format" value="sv"/>
    <property name="sun.os.patch.level" value=""/>
    <property name="native.encoding" value="Cp1252"/>
    <property name="java.library.path" value="C:\Program Files\Java\jdk-18.0.2.1\bin;C:\WINDOWS\Sun\Java\bin;C:\WINDOWS\system32;C:\WINDOWS;C:\Program Files\WindowsApps\Microsoft.PowerShell_7.4.2.0_x64__8wekyb3d8bbwe;C:\Program Files (x86)\VMware\VMware Player\bin\;C:\Program Files\Common Files\Oracle\Java\javapath;C:\Program Files (x86)\Common Files\Oracle\Java\javapath;C:\windows\system32;C:\windows;C:\windows\System32\Wbem;C:\windows\System32\WindowsPowerShell\v1.0\;C:\windows\System32\OpenSSH\;C:\Program Files (x86)\NVIDIA Corporation\PhysX\Common;C:\Program Files\NVIDIA Corporation\NVIDIA NvDLISR;C:\Program Files\Git\cmd;C:\WINDOWS\system32;C:\WINDOWS;C:\WINDOWS\System32\Wbem;C:\WINDOWS\System32\WindowsPowerShell\v1.0\;C:\WINDOWS\System32\OpenSSH\;C:\Program Files\swipl\bin;C:\Program Files\nodejs\;C:\ProgramData\chocolatey\bin;C:\Program Files\Docker\Docker\resources\bin;C:\Program Files\Elixir\bin;C:\Program Files\Erlang OTP\bin;C:\texlive\2023\bin;C:\Users\fredr\AppData\Local\Programs\Python\Python312\Scripts\;C:\Users\fredr\AppData\Local\Programs\Python\Python312\;C:\Users\fredr\AppData\Local\Programs\Python\Launcher\;C:\Program Files\gnuplot\bin;C:\Program Files\PuTTY\;C:\Program Files\PowerShell\7\;C:\Users\fredr\AppData\Local\Programs\Python\Python312\Scripts\;C:\Users\fredr\AppData\Local\Programs\Python\Python312\;C:\Users\fredr\AppData\Local\Programs\Python\Launcher\;C:\Program Files\Elixir\bin;C:\Program Files\Erlang OTP\bin;C:\Users\fredr\AppData\Local\Microsoft\WindowsApps;C:\Users\fredr\AppData\Local\Programs\Microsoft VS Code\bin;C:\MinGW\bin;C:\Users\fredr\AppData\Roaming\npm;C:\texlive\2023\bin;C:\texlive\2023\bin\windows;C:\Program Files\gnuplot\bin;C:\Program Files (x86)\GnuWin32\bin;C:\Program Files\Java\jdk-18.0.2.1\bin;C:\Users\fredr\AppData\Local\Programs\oh-my-posh\bin;C:\Users\fredr\AppData\Local\Programs\Microsoft VS Code;C:\Program Files\apache-maven-3.9.6\bin;;."/>
    <property name="java.vm.info" value="mixed mode, sharing"/>
    <property name="java.vendor" value="Oracle Corporation"/>
    <property name="java.vm.version" value="18.0.2.1+1-1"/>
    <property name="sun.io.unicode.encoding" value="UnicodeLittle"/>
    <property name="java.class.version" value="62.0"/>
  </properties>
  <testcase name="testAddExistingItemToSale" classname="se.kth.IV1350.model.SaleTest" time="0"/>
  <testcase name="testEndSaleSuccess" classname="se.kth.IV1350.model.SaleTest" time="0.001"/>
  <testcase name="applyTotalDiscountFail" classname="se.kth.IV1350.model.SaleTest" time="0"/>
  <testcase name="testEndSaleFail" classname="se.kth.IV1350.model.SaleTest" time="0.001"/>
  <testcase name="applyTotalDiscountSuccess" classname="se.kth.IV1350.model.SaleTest" time="0"/>
  <testcase name="testAddNewItemToSale" classname="se.kth.IV1350.model.SaleTest" time="0"/>
</testsuite>